# JRE version: OpenJDK Runtime Environment (11.0.8+10) (build 11.0.8+10-b944.6842174)
# Java VM: OpenJDK 64-Bit Server VM (11.0.8+10-b944.6842174, mixed mode, tiered, compressed oops, g1 gc, windows-amd64)
Heap:
 garbage-first heap   total 310272K, used 236793K [0x0000000080000000, 0x0000000100000000)
  region size 1024K, 17 young (17408K), 5 survivors (5120K)
 Metaspace       used 183981K, capacity 188816K, committed 189168K, reserved 1214464K
  class space    used 22499K, capacity 24182K, committed 24268K, reserved 1048576K
GC Heap History (20 events):
Event: 1022.694 GC heap before
{Heap before GC invocations=86 (full 0):
 garbage-first heap   total 310272K, used 272199K [0x0000000080000000, 0x0000000100000000)
  region size 1024K, 72 young (73728K), 11 survivors (11264K)
 Metaspace       used 154221K, capacity 158463K, committed 158716K, reserved 1187840K
  class space    used 18828K, capacity 20341K, committed 20352K, reserved 1048576K
}
Event: 1022.719 GC heap after
{Heap after GC invocations=87 (full 0):
 garbage-first heap   total 310272K, used 198652K [0x0000000080000000, 0x0000000100000000)
  region size 1024K, 4 young (4096K), 4 survivors (4096K)
 Metaspace       used 154221K, capacity 158463K, committed 158716K, reserved 1187840K
  class space    used 18828K, capacity 20341K, committed 20352K, reserved 1048576K
}
Event: 1023.942 GC heap before
{Heap before GC invocations=87 (full 0):
 garbage-first heap   total 310272K, used 258044K [0x0000000080000000, 0x0000000100000000)
  region size 1024K, 63 young (64512K), 4 survivors (4096K)
 Metaspace       used 154251K, capacity 158527K, committed 158716K, reserved 1187840K
  class space    used 18828K, capacity 20341K, committed 20352K, reserved 1048576K
}
Event: 1023.957 GC heap after
{Heap after GC invocations=88 (full 0):
 garbage-first heap   total 310272K, used 205268K [0x0000000080000000, 0x0000000100000000)
  region size 1024K, 8 young (8192K), 8 survivors (8192K)
 Metaspace       used 154251K, capacity 158527K, committed 158716K, reserved 1187840K
  class space    used 18828K, capacity 20341K, committed 20352K, reserved 1048576K
}
Event: 1024.201 GC heap before
{Heap before GC invocations=88 (full 0):
 garbage-first heap   total 310272K, used 260564K [0x0000000080000000, 0x0000000100000000)
  region size 1024K, 63 young (64512K), 8 survivors (8192K)
 Metaspace       used 154276K, capacity 158533K, committed 158716K, reserved 1187840K
  class space    used 18828K, capacity 20341K, committed 20352K, reserved 1048576K
}
Event: 1024.211 GC heap after
{Heap after GC invocations=89 (full 0):
 garbage-first heap   total 310272K, used 206041K [0x0000000080000000, 0x0000000100000000)
  region size 1024K, 2 young (2048K), 2 survivors (2048K)
 Metaspace       used 154276K, capacity 158533K, committed 158716K, reserved 1187840K
  class space    used 18828K, capacity 20341K, committed 20352K, reserved 1048576K
}
Event: 1466.606 GC heap before
{Heap before GC invocations=89 (full 0):
 garbage-first heap   total 310272K, used 270553K [0x0000000080000000, 0x0000000100000000)
  region size 1024K, 57 young (58368K), 2 survivors (2048K)
 Metaspace       used 154457K, capacity 158835K, committed 159100K, reserved 1187840K
  class space    used 18844K, capacity 20390K, committed 20480K, reserved 1048576K
}
Event: 1466.622 GC heap after
{Heap after GC invocations=90 (full 0):
 garbage-first heap   total 310272K, used 206698K [0x0000000080000000, 0x0000000100000000)
  region size 1024K, 2 young (2048K), 2 survivors (2048K)
 Metaspace       used 154457K, capacity 158835K, committed 159100K, reserved 1187840K
  class space    used 18844K, capacity 20390K, committed 20480K, reserved 1048576K
}
Event: 1474.188 GC heap before
{Heap before GC invocations=90 (full 0):
 garbage-first heap   total 310272K, used 264042K [0x0000000080000000, 0x0000000100000000)
  region size 1024K, 59 young (60416K), 2 survivors (2048K)
 Metaspace       used 160268K, capacity 164783K, committed 164860K, reserved 1193984K
  class space    used 19507K, capacity 21093K, committed 21120K, reserved 1048576K
}
Event: 1474.205 GC heap after
{Heap after GC invocations=91 (full 0):
 garbage-first heap   total 310272K, used 209628K [0x0000000080000000, 0x0000000100000000)
  region size 1024K, 5 young (5120K), 5 survivors (5120K)
 Metaspace       used 160268K, capacity 164783K, committed 164860K, reserved 1193984K
  class space    used 19507K, capacity 21093K, committed 21120K, reserved 1048576K
}
Event: 1476.280 GC heap before
{Heap before GC invocations=91 (full 0):
 garbage-first heap   total 310272K, used 265948K [0x0000000080000000, 0x0000000100000000)
  region size 1024K, 60 young (61440K), 5 survivors (5120K)
 Metaspace       used 164580K, capacity 169093K, committed 169340K, reserved 1198080K
  class space    used 20098K, capacity 21693K, committed 21760K, reserved 1048576K
}
Event: 1476.290 GC heap after
{Heap after GC invocations=92 (full 0):
 garbage-first heap   total 310272K, used 213241K [0x0000000080000000, 0x0000000100000000)
  region size 1024K, 7 young (7168K), 7 survivors (7168K)
 Metaspace       used 164580K, capacity 169093K, committed 169340K, reserved 1198080K
  class space    used 20098K, capacity 21693K, committed 21760K, reserved 1048576K
}
Event: 1477.192 GC heap before
{Heap before GC invocations=92 (full 0):
 garbage-first heap   total 310272K, used 266489K [0x0000000080000000, 0x0000000100000000)
  region size 1024K, 59 young (60416K), 7 survivors (7168K)
 Metaspace       used 169894K, capacity 174460K, committed 174588K, reserved 1202176K
  class space    used 20942K, capacity 22547K, committed 22656K, reserved 1048576K
}
Event: 1477.203 GC heap after
{Heap after GC invocations=93 (full 0):
 garbage-first heap   total 310272K, used 217126K [0x0000000080000000, 0x0000000100000000)
  region size 1024K, 8 young (8192K), 8 survivors (8192K)
 Metaspace       used 169894K, capacity 174460K, committed 174588K, reserved 1202176K
  class space    used 20942K, capacity 22547K, committed 22656K, reserved 1048576K
}
Event: 1498.731 GC heap before
{Heap before GC invocations=93 (full 0):
 garbage-first heap   total 310272K, used 266278K [0x0000000080000000, 0x0000000100000000)
  region size 1024K, 57 young (58368K), 8 survivors (8192K)
 Metaspace       used 175153K, capacity 179966K, committed 180220K, reserved 1206272K
  class space    used 21413K, capacity 23091K, committed 23168K, reserved 1048576K
}
Event: 1498.741 GC heap after
{Heap after GC invocations=94 (full 0):
 garbage-first heap   total 310272K, used 220266K [0x0000000080000000, 0x0000000100000000)
  region size 1024K, 7 young (7168K), 7 survivors (7168K)
 Metaspace       used 175153K, capacity 179966K, committed 180220K, reserved 1206272K
  class space    used 21413K, capacity 23091K, committed 23168K, reserved 1048576K
}
Event: 1499.654 GC heap before
{Heap before GC invocations=94 (full 0):
 garbage-first heap   total 310272K, used 267370K [0x0000000080000000, 0x0000000100000000)
  region size 1024K, 54 young (55296K), 7 survivors (7168K)
 Metaspace       used 180758K, capacity 185590K, committed 185724K, reserved 1212416K
  class space    used 22055K, capacity 23750K, committed 23808K, reserved 1048576K
}
Event: 1499.669 GC heap after
{Heap after GC invocations=95 (full 0):
 garbage-first heap   total 310272K, used 223361K [0x0000000080000000, 0x0000000100000000)
  region size 1024K, 7 young (7168K), 7 survivors (7168K)
 Metaspace       used 180758K, capacity 185590K, committed 185724K, reserved 1212416K
  class space    used 22055K, capacity 23750K, committed 23808K, reserved 1048576K
}
Event: 1500.190 GC heap before
{Heap before GC invocations=95 (full 0):
 garbage-first heap   total 310272K, used 245889K [0x0000000080000000, 0x0000000100000000)
  region size 1024K, 30 young (30720K), 7 survivors (7168K)
 Metaspace       used 183032K, capacity 187834K, committed 187940K, reserved 1214464K
  class space    used 22352K, capacity 24050K, committed 24064K, reserved 1048576K
}
Event: 1500.207 GC heap after
{Heap after GC invocations=96 (full 0):
 garbage-first heap   total 310272K, used 224505K [0x0000000080000000, 0x0000000100000000)
  region size 1024K, 5 young (5120K), 5 survivors (5120K)
 Metaspace       used 183032K, capacity 187834K, committed 187940K, reserved 1214464K
  class space    used 22352K, capacity 24050K, committed 24064K, reserved 1048576K
}

